[2023-11-09 14:12:05,944][log_print.py 75][INFO]: ------开始执行next2-----
[2023-11-09 14:12:05,944][log_print.py 76][INFO]: ------此函数的注释为
tab1中确认按钮关联的功能，用于跳转到tab2-----
[2023-11-09 14:12:05,948][log_print.py 86][INFO]: ------next2执行成功------
[2023-11-09 14:12:07,317][log_print.py 75][INFO]: ------开始执行selectfile-----
[2023-11-09 14:12:07,317][log_print.py 76][INFO]: ------此函数的注释为
tab2中浏览按钮关联的功能，用于打开文件选择的弹窗-----
[2023-11-09 14:12:23,666][log_print.py 86][INFO]: ------selectfile执行成功------
[2023-11-09 14:12:30,020][log_print.py 75][INFO]: ------开始执行selectfile-----
[2023-11-09 14:12:30,020][log_print.py 76][INFO]: ------此函数的注释为
tab2中浏览按钮关联的功能，用于打开文件选择的弹窗-----
[2023-11-09 14:12:32,437][log_print.py 86][INFO]: ------selectfile执行成功------
[2023-11-09 14:12:42,242][log_print.py 75][INFO]: ------开始执行checkdata-----
[2023-11-09 14:12:42,244][log_print.py 76][INFO]: ------此函数的注释为
tab2中确认按钮关联的功能，用于检查文件是否选择，QQ账号是否填写-----
[2023-11-09 14:12:42,282][log_print.py 86][INFO]: ------checkdata执行成功------
[2023-11-09 14:12:43,521][log_print.py 75][INFO]: ------开始执行loginUI-----
[2023-11-09 14:12:43,521][log_print.py 76][INFO]: ------此函数的注释为
tab3中确认已读按钮关联的功能，用于打开浏览器-----
[2023-11-09 14:13:33,855][log_print.py 81][ERROR]: ------loginUI执行失败：Message: session not created: This version of ChromeDriver only supports Chrome version 111
Current browser version is 119.0.6045.123 with binary path /Applications/Google Chrome.app/Contents/MacOS/Google Chrome
Stacktrace:
0   chromedriver                        0x000000010117ad3c chromedriver + 4222268
1   chromedriver                        0x00000001011018e8 chromedriver + 3725544
2   chromedriver                        0x0000000100db7da4 chromedriver + 277924
3   chromedriver                        0x0000000100de2960 chromedriver + 452960
4   chromedriver                        0x0000000100dde918 chromedriver + 436504
5   chromedriver                        0x0000000100ddb91c chromedriver + 424220
6   chromedriver                        0x0000000100e1be10 chromedriver + 687632
7   chromedriver                        0x0000000100e1b590 chromedriver + 685456
8   chromedriver                        0x0000000100de58f0 chromedriver + 465136
9   chromedriver                        0x0000000100de6974 chromedriver + 469364
10  chromedriver                        0x000000010114b788 chromedriver + 4028296
11  chromedriver                        0x000000010114fc1c chromedriver + 4045852
12  chromedriver                        0x0000000101155c98 chromedriver + 4070552
13  chromedriver                        0x00000001011508d8 chromedriver + 4049112
14  chromedriver                        0x0000000101127d84 chromedriver + 3882372
15  chromedriver                        0x000000010116e720 chromedriver + 4171552
16  chromedriver                        0x000000010116e878 chromedriver + 4171896
17  chromedriver                        0x0000000101182014 chromedriver + 4251668
18  libsystem_pthread.dylib             0x000000018cf01034 _pthread_start + 136
19  libsystem_pthread.dylib             0x000000018cefbe3c thread_start + 8
------
[2023-11-09 14:13:33,864][log_print.py 82][ERROR]: loginUI is error,here are details:Traceback (most recent call last):
  File "/Users/Github_Library/My_Case/QQSpace_Album_Download/log_print.py", line 78, in log
    func(*args,**kwargs)
  File "/Users/Github_Library/My_Case/QQSpace_Album_Download/UIdraft.py", line 150, in loginUI
    self.driver = webdriver.Chrome()
  File "/Library/Frameworks/Python.framework/Versions/3.10/lib/python3.10/site-packages/selenium/webdriver/chrome/webdriver.py", line 70, in __init__
    super(WebDriver, self).__init__(DesiredCapabilities.CHROME['browserName'], "goog",
  File "/Library/Frameworks/Python.framework/Versions/3.10/lib/python3.10/site-packages/selenium/webdriver/chromium/webdriver.py", line 93, in __init__
    RemoteWebDriver.__init__(
  File "/Library/Frameworks/Python.framework/Versions/3.10/lib/python3.10/site-packages/selenium/webdriver/remote/webdriver.py", line 269, in __init__
    self.start_session(capabilities, browser_profile)
  File "/Library/Frameworks/Python.framework/Versions/3.10/lib/python3.10/site-packages/selenium/webdriver/remote/webdriver.py", line 360, in start_session
    response = self.execute(Command.NEW_SESSION, parameters)
  File "/Library/Frameworks/Python.framework/Versions/3.10/lib/python3.10/site-packages/selenium/webdriver/remote/webdriver.py", line 425, in execute
    self.error_handler.check_response(response)
  File "/Library/Frameworks/Python.framework/Versions/3.10/lib/python3.10/site-packages/selenium/webdriver/remote/errorhandler.py", line 247, in check_response
    raise exception_class(message, screen, stacktrace)
selenium.common.exceptions.SessionNotCreatedException: Message: session not created: This version of ChromeDriver only supports Chrome version 111
Current browser version is 119.0.6045.123 with binary path /Applications/Google Chrome.app/Contents/MacOS/Google Chrome
Stacktrace:
0   chromedriver                        0x000000010117ad3c chromedriver + 4222268
1   chromedriver                        0x00000001011018e8 chromedriver + 3725544
2   chromedriver                        0x0000000100db7da4 chromedriver + 277924
3   chromedriver                        0x0000000100de2960 chromedriver + 452960
4   chromedriver                        0x0000000100dde918 chromedriver + 436504
5   chromedriver                        0x0000000100ddb91c chromedriver + 424220
6   chromedriver                        0x0000000100e1be10 chromedriver + 687632
7   chromedriver                        0x0000000100e1b590 chromedriver + 685456
8   chromedriver                        0x0000000100de58f0 chromedriver + 465136
9   chromedriver                        0x0000000100de6974 chromedriver + 469364
10  chromedriver                        0x000000010114b788 chromedriver + 4028296
11  chromedriver                        0x000000010114fc1c chromedriver + 4045852
12  chromedriver                        0x0000000101155c98 chromedriver + 4070552
13  chromedriver                        0x00000001011508d8 chromedriver + 4049112
14  chromedriver                        0x0000000101127d84 chromedriver + 3882372
15  chromedriver                        0x000000010116e720 chromedriver + 4171552
16  chromedriver                        0x000000010116e878 chromedriver + 4171896
17  chromedriver                        0x0000000101182014 chromedriver + 4251668
18  libsystem_pthread.dylib             0x000000018cf01034 _pthread_start + 136
19  libsystem_pthread.dylib             0x000000018cefbe3c thread_start + 8


[2023-11-09 15:30:09,621][log_print.py 75][INFO]: ------开始执行next2-----
[2023-11-09 15:30:09,622][log_print.py 76][INFO]: ------此函数的注释为
tab1中确认按钮关联的功能，用于跳转到tab2-----
[2023-11-09 15:30:09,626][log_print.py 86][INFO]: ------next2执行成功------
[2023-11-09 15:30:11,043][log_print.py 75][INFO]: ------开始执行selectfile-----
[2023-11-09 15:30:11,044][log_print.py 76][INFO]: ------此函数的注释为
tab2中浏览按钮关联的功能，用于打开文件选择的弹窗-----
[2023-11-09 15:30:19,734][log_print.py 86][INFO]: ------selectfile执行成功------
[2023-11-09 15:30:26,419][log_print.py 75][INFO]: ------开始执行checkdata-----
[2023-11-09 15:30:26,420][log_print.py 76][INFO]: ------此函数的注释为
tab2中确认按钮关联的功能，用于检查文件是否选择，QQ账号是否填写-----
[2023-11-09 15:30:26,457][log_print.py 86][INFO]: ------checkdata执行成功------
[2023-11-09 15:30:27,335][log_print.py 75][INFO]: ------开始执行loginUI-----
[2023-11-09 15:30:27,335][log_print.py 76][INFO]: ------此函数的注释为
tab3中确认已读按钮关联的功能，用于打开浏览器-----
[2023-11-09 15:30:31,908][log_print.py 81][ERROR]: ------loginUI执行失败：Message: Service chromedriver unexpectedly exited. Status code was: -9
------
[2023-11-09 15:30:31,912][log_print.py 82][ERROR]: loginUI is error,here are details:Traceback (most recent call last):
  File "/Users/Github_Library/My_Case/QQSpace_Album_Download/log_print.py", line 78, in log
    func(*args,**kwargs)
  File "/Users/Github_Library/My_Case/QQSpace_Album_Download/UIdraft.py", line 150, in loginUI
    self.driver = webdriver.Chrome()
  File "/Library/Frameworks/Python.framework/Versions/3.10/lib/python3.10/site-packages/selenium/webdriver/chrome/webdriver.py", line 70, in __init__
    super(WebDriver, self).__init__(DesiredCapabilities.CHROME['browserName'], "goog",
  File "/Library/Frameworks/Python.framework/Versions/3.10/lib/python3.10/site-packages/selenium/webdriver/chromium/webdriver.py", line 90, in __init__
    self.service.start()
  File "/Library/Frameworks/Python.framework/Versions/3.10/lib/python3.10/site-packages/selenium/webdriver/common/service.py", line 98, in start
    self.assert_process_still_running()
  File "/Library/Frameworks/Python.framework/Versions/3.10/lib/python3.10/site-packages/selenium/webdriver/common/service.py", line 110, in assert_process_still_running
    raise WebDriverException(
selenium.common.exceptions.WebDriverException: Message: Service chromedriver unexpectedly exited. Status code was: -9


[2023-11-09 15:32:56,117][log_print.py 75][INFO]: ------开始执行next2-----
[2023-11-09 15:32:56,118][log_print.py 76][INFO]: ------此函数的注释为
tab1中确认按钮关联的功能，用于跳转到tab2-----
[2023-11-09 15:32:56,120][log_print.py 86][INFO]: ------next2执行成功------
[2023-11-09 15:32:57,028][log_print.py 75][INFO]: ------开始执行selectfile-----
[2023-11-09 15:32:57,028][log_print.py 76][INFO]: ------此函数的注释为
tab2中浏览按钮关联的功能，用于打开文件选择的弹窗-----
[2023-11-09 15:33:01,995][log_print.py 86][INFO]: ------selectfile执行成功------
[2023-11-09 15:33:08,190][log_print.py 75][INFO]: ------开始执行checkdata-----
[2023-11-09 15:33:08,190][log_print.py 76][INFO]: ------此函数的注释为
tab2中确认按钮关联的功能，用于检查文件是否选择，QQ账号是否填写-----
[2023-11-09 15:33:08,226][log_print.py 86][INFO]: ------checkdata执行成功------
[2023-11-09 15:33:09,067][log_print.py 75][INFO]: ------开始执行loginUI-----
[2023-11-09 15:33:09,069][log_print.py 76][INFO]: ------此函数的注释为
tab3中确认已读按钮关联的功能，用于打开浏览器-----
[2023-11-09 15:33:16,376][log_print.py 81][ERROR]: ------loginUI执行失败：Message: session not created: This version of ChromeDriver only supports Chrome version 114
Current browser version is 119.0.6045.123 with binary path /Applications/Google Chrome.app/Contents/MacOS/Google Chrome
Stacktrace:
0   chromedriver                        0x0000000100d93f48 chromedriver + 4226888
1   chromedriver                        0x0000000100d8c4f4 chromedriver + 4195572
2   chromedriver                        0x00000001009d0d68 chromedriver + 281960
3   chromedriver                        0x00000001009fcbac chromedriver + 461740
4   chromedriver                        0x00000001009f8fd8 chromedriver + 446424
5   chromedriver                        0x00000001009f6150 chromedriver + 434512
6   chromedriver                        0x0000000100a3393c chromedriver + 686396
7   chromedriver                        0x0000000100a33164 chromedriver + 684388
8   chromedriver                        0x00000001009fff1c chromedriver + 474908
9   chromedriver                        0x0000000100a00ef4 chromedriver + 478964
10  chromedriver                        0x0000000100d5559c chromedriver + 3970460
11  chromedriver                        0x0000000100d596f0 chromedriver + 3987184
12  chromedriver                        0x0000000100d5f5b4 chromedriver + 4011444
13  chromedriver                        0x0000000100d5a2fc chromedriver + 3990268
14  chromedriver                        0x0000000100d321c0 chromedriver + 3826112
15  chromedriver                        0x0000000100d76088 chromedriver + 4104328
16  chromedriver                        0x0000000100d761e0 chromedriver + 4104672
17  chromedriver                        0x0000000100d85f28 chromedriver + 4169512
18  libsystem_pthread.dylib             0x000000018cf01034 _pthread_start + 136
19  libsystem_pthread.dylib             0x000000018cefbe3c thread_start + 8
------
[2023-11-09 15:33:16,378][log_print.py 82][ERROR]: loginUI is error,here are details:Traceback (most recent call last):
  File "/Users/Github_Library/My_Case/QQSpace_Album_Download/log_print.py", line 78, in log
    func(*args,**kwargs)
  File "/Users/Github_Library/My_Case/QQSpace_Album_Download/UIdraft.py", line 150, in loginUI
    self.driver = webdriver.Chrome()
  File "/Library/Frameworks/Python.framework/Versions/3.10/lib/python3.10/site-packages/selenium/webdriver/chrome/webdriver.py", line 70, in __init__
    super(WebDriver, self).__init__(DesiredCapabilities.CHROME['browserName'], "goog",
  File "/Library/Frameworks/Python.framework/Versions/3.10/lib/python3.10/site-packages/selenium/webdriver/chromium/webdriver.py", line 93, in __init__
    RemoteWebDriver.__init__(
  File "/Library/Frameworks/Python.framework/Versions/3.10/lib/python3.10/site-packages/selenium/webdriver/remote/webdriver.py", line 269, in __init__
    self.start_session(capabilities, browser_profile)
  File "/Library/Frameworks/Python.framework/Versions/3.10/lib/python3.10/site-packages/selenium/webdriver/remote/webdriver.py", line 360, in start_session
    response = self.execute(Command.NEW_SESSION, parameters)
  File "/Library/Frameworks/Python.framework/Versions/3.10/lib/python3.10/site-packages/selenium/webdriver/remote/webdriver.py", line 425, in execute
    self.error_handler.check_response(response)
  File "/Library/Frameworks/Python.framework/Versions/3.10/lib/python3.10/site-packages/selenium/webdriver/remote/errorhandler.py", line 247, in check_response
    raise exception_class(message, screen, stacktrace)
selenium.common.exceptions.SessionNotCreatedException: Message: session not created: This version of ChromeDriver only supports Chrome version 114
Current browser version is 119.0.6045.123 with binary path /Applications/Google Chrome.app/Contents/MacOS/Google Chrome
Stacktrace:
0   chromedriver                        0x0000000100d93f48 chromedriver + 4226888
1   chromedriver                        0x0000000100d8c4f4 chromedriver + 4195572
2   chromedriver                        0x00000001009d0d68 chromedriver + 281960
3   chromedriver                        0x00000001009fcbac chromedriver + 461740
4   chromedriver                        0x00000001009f8fd8 chromedriver + 446424
5   chromedriver                        0x00000001009f6150 chromedriver + 434512
6   chromedriver                        0x0000000100a3393c chromedriver + 686396
7   chromedriver                        0x0000000100a33164 chromedriver + 684388
8   chromedriver                        0x00000001009fff1c chromedriver + 474908
9   chromedriver                        0x0000000100a00ef4 chromedriver + 478964
10  chromedriver                        0x0000000100d5559c chromedriver + 3970460
11  chromedriver                        0x0000000100d596f0 chromedriver + 3987184
12  chromedriver                        0x0000000100d5f5b4 chromedriver + 4011444
13  chromedriver                        0x0000000100d5a2fc chromedriver + 3990268
14  chromedriver                        0x0000000100d321c0 chromedriver + 3826112
15  chromedriver                        0x0000000100d76088 chromedriver + 4104328
16  chromedriver                        0x0000000100d761e0 chromedriver + 4104672
17  chromedriver                        0x0000000100d85f28 chromedriver + 4169512
18  libsystem_pthread.dylib             0x000000018cf01034 _pthread_start + 136
19  libsystem_pthread.dylib             0x000000018cefbe3c thread_start + 8


[2023-11-09 15:42:37,841][log_print.py 75][INFO]: ------开始执行next2-----
[2023-11-09 15:42:37,843][log_print.py 76][INFO]: ------此函数的注释为
tab1中确认按钮关联的功能，用于跳转到tab2-----
[2023-11-09 15:42:37,846][log_print.py 86][INFO]: ------next2执行成功------
[2023-11-09 15:42:39,209][log_print.py 75][INFO]: ------开始执行selectfile-----
[2023-11-09 15:42:39,209][log_print.py 76][INFO]: ------此函数的注释为
tab2中浏览按钮关联的功能，用于打开文件选择的弹窗-----
[2023-11-09 15:42:44,650][log_print.py 86][INFO]: ------selectfile执行成功------
[2023-11-09 15:42:51,201][log_print.py 75][INFO]: ------开始执行checkdata-----
[2023-11-09 15:42:51,201][log_print.py 76][INFO]: ------此函数的注释为
tab2中确认按钮关联的功能，用于检查文件是否选择，QQ账号是否填写-----
[2023-11-09 15:42:51,235][log_print.py 86][INFO]: ------checkdata执行成功------
[2023-11-09 15:42:52,273][log_print.py 75][INFO]: ------开始执行loginUI-----
[2023-11-09 15:42:52,274][log_print.py 76][INFO]: ------此函数的注释为
tab3中确认已读按钮关联的功能，用于打开浏览器-----
[2023-11-09 15:42:58,858][log_print.py 81][ERROR]: ------loginUI执行失败：Message: Service chromedriver unexpectedly exited. Status code was: -9
------
[2023-11-09 15:42:58,861][log_print.py 82][ERROR]: loginUI is error,here are details:Traceback (most recent call last):
  File "/Users/Github_Library/My_Case/QQSpace_Album_Download/log_print.py", line 78, in log
    func(*args,**kwargs)
  File "/Users/Github_Library/My_Case/QQSpace_Album_Download/UIdraft.py", line 150, in loginUI
    self.driver = webdriver.Chrome()
  File "/Library/Frameworks/Python.framework/Versions/3.10/lib/python3.10/site-packages/selenium/webdriver/chrome/webdriver.py", line 70, in __init__
    super(WebDriver, self).__init__(DesiredCapabilities.CHROME['browserName'], "goog",
  File "/Library/Frameworks/Python.framework/Versions/3.10/lib/python3.10/site-packages/selenium/webdriver/chromium/webdriver.py", line 90, in __init__
    self.service.start()
  File "/Library/Frameworks/Python.framework/Versions/3.10/lib/python3.10/site-packages/selenium/webdriver/common/service.py", line 98, in start
    self.assert_process_still_running()
  File "/Library/Frameworks/Python.framework/Versions/3.10/lib/python3.10/site-packages/selenium/webdriver/common/service.py", line 110, in assert_process_still_running
    raise WebDriverException(
selenium.common.exceptions.WebDriverException: Message: Service chromedriver unexpectedly exited. Status code was: -9


[2023-11-09 15:43:33,389][log_print.py 75][INFO]: ------开始执行next2-----
[2023-11-09 15:43:33,390][log_print.py 76][INFO]: ------此函数的注释为
tab1中确认按钮关联的功能，用于跳转到tab2-----
[2023-11-09 15:43:33,393][log_print.py 86][INFO]: ------next2执行成功------
[2023-11-09 15:43:34,810][log_print.py 75][INFO]: ------开始执行selectfile-----
[2023-11-09 15:43:34,811][log_print.py 76][INFO]: ------此函数的注释为
tab2中浏览按钮关联的功能，用于打开文件选择的弹窗-----
[2023-11-09 15:43:42,246][log_print.py 86][INFO]: ------selectfile执行成功------
[2023-11-09 15:43:48,500][log_print.py 75][INFO]: ------开始执行checkdata-----
[2023-11-09 15:43:48,501][log_print.py 76][INFO]: ------此函数的注释为
tab2中确认按钮关联的功能，用于检查文件是否选择，QQ账号是否填写-----
[2023-11-09 15:43:48,518][log_print.py 86][INFO]: ------checkdata执行成功------
[2023-11-09 15:43:49,556][log_print.py 75][INFO]: ------开始执行loginUI-----
[2023-11-09 15:43:49,556][log_print.py 76][INFO]: ------此函数的注释为
tab3中确认已读按钮关联的功能，用于打开浏览器-----
[2023-11-09 15:43:56,737][log_print.py 75][INFO]: ------开始执行threadFunc1-----
[2023-11-09 15:43:56,737][log_print.py 86][INFO]: ------loginUI执行成功------
[2023-11-09 15:43:56,737][log_print.py 76][INFO]: ------此函数的注释为
打开QQ空间登录页面-----
[2023-11-09 15:43:56,737][log_print.py 75][INFO]: ------开始执行login-----
[2023-11-09 15:43:56,737][log_print.py 76][INFO]: ------此函数的注释为
None-----
[2023-11-09 15:44:13,901][log_print.py 86][INFO]: ------login执行成功------
[2023-11-09 15:44:13,904][log_print.py 86][INFO]: ------threadFunc1执行成功------
[2023-11-09 15:44:13,904][log_print.py 75][INFO]: ------开始执行change_enable-----
[2023-11-09 15:44:13,904][log_print.py 76][INFO]: ------此函数的注释为
自定义信号2的关联功能，用于改变控件的enable状态-----
[2023-11-09 15:44:13,904][log_print.py 86][INFO]: ------change_enable执行成功------
[2023-11-09 15:44:42,447][log_print.py 75][INFO]: ------开始执行start_download-----
[2023-11-09 15:44:42,450][log_print.py 76][INFO]: ------此函数的注释为
tab3中确认登录按钮关联功能，修改UI，实现照片下载流程-----
[2023-11-09 15:44:44,348][log_print.py 75][INFO]: ------开始执行mainUI-----
[2023-11-09 15:44:44,348][log_print.py 86][INFO]: ------start_download执行成功------
[2023-11-09 15:44:44,348][log_print.py 76][INFO]: ------此函数的注释为
实现照片下载流程-----
[2023-11-09 15:44:44,359][log_print.py 75][INFO]: ------开始执行get_page-----
[2023-11-09 15:44:44,359][log_print.py 76][INFO]: ------此函数的注释为
None-----
[2023-11-09 15:44:51,018][log_print.py 86][INFO]: ------get_page执行成功------
[2023-11-09 15:44:51,018][log_print.py 75][INFO]: ------开始执行get_cookie-----
[2023-11-09 15:44:51,018][log_print.py 76][INFO]: ------此函数的注释为
None-----
[2023-11-09 15:44:51,024][log_print.py 86][INFO]: ------get_cookie执行成功------
[2023-11-09 15:44:51,725][log_print.py 75][INFO]: ------开始执行get_g_tk-----
[2023-11-09 15:44:51,726][log_print.py 76][INFO]: ------此函数的注释为
None-----
[2023-11-09 15:44:51,736][log_print.py 86][INFO]: ------get_g_tk执行成功------
[2023-11-09 15:44:51,737][log_print.py 75][INFO]: ------开始执行get_album_list-----
[2023-11-09 15:44:51,737][log_print.py 76][INFO]: ------此函数的注释为
None-----
[2023-11-09 15:44:51,894][log_print.py 86][INFO]: ------get_album_list执行成功------
[2023-11-09 15:44:51,895][log_print.py 75][INFO]: ------开始执行get_url-----
[2023-11-09 15:44:51,895][log_print.py 76][INFO]: ------此函数的注释为
None-----
[2023-11-09 15:44:51,895][log_print.py 86][INFO]: ------get_url执行成功------
[2023-11-09 15:49:55,921][log_print.py 75][INFO]: ------开始执行go_tab-----
[2023-11-09 15:49:55,924][log_print.py 76][INFO]: ------此函数的注释为
自定义信号4的关联功能，用于跳转tab页-----
[2023-11-09 15:49:55,963][log_print.py 86][INFO]: ------go_tab执行成功------
[2023-11-09 15:49:55,965][log_print.py 75][INFO]: ------开始执行append_critical-----
[2023-11-09 15:49:55,965][log_print.py 76][INFO]: ------此函数的注释为
自定义信号3的关联功能，用于打开异常提示弹窗-----
[2023-11-09 15:49:56,640][log_print.py 75][INFO]: ------开始执行print_to_textbrowser-----
[2023-11-09 15:49:56,640][log_print.py 76][INFO]: ------此函数的注释为
自定义信号1的关联功能，用于向文本框中添加文本内容-----
[2023-11-09 15:49:56,641][log_print.py 86][INFO]: ------print_to_textbrowser执行成功------
[2023-11-09 15:50:06,114][log_print.py 86][INFO]: ------append_critical执行成功------
