[2024-10-29 00:31:20,300][log_print.py 75][INFO]: ------开始执行next2-----
[2024-10-29 00:31:20,302][log_print.py 76][INFO]: ------此函数的注释为
tab1中确认按钮关联的功能，用于跳转到tab2-----
[2024-10-29 00:31:20,308][log_print.py 86][INFO]: ------next2执行成功------
[2024-10-29 00:31:22,004][log_print.py 75][INFO]: ------开始执行selectfile-----
[2024-10-29 00:31:22,005][log_print.py 76][INFO]: ------此函数的注释为
tab2中浏览按钮关联的功能，用于打开文件选择的弹窗-----
[2024-10-29 00:31:32,312][log_print.py 86][INFO]: ------selectfile执行成功------
[2024-10-29 00:31:33,946][log_print.py 75][INFO]: ------开始执行selectfile-----
[2024-10-29 00:31:33,946][log_print.py 76][INFO]: ------此函数的注释为
tab2中浏览按钮关联的功能，用于打开文件选择的弹窗-----
[2024-10-29 00:32:10,087][log_print.py 86][INFO]: ------selectfile执行成功------
[2024-10-29 00:32:11,410][log_print.py 75][INFO]: ------开始执行selectfile-----
[2024-10-29 00:32:11,411][log_print.py 76][INFO]: ------此函数的注释为
tab2中浏览按钮关联的功能，用于打开文件选择的弹窗-----
[2024-10-29 00:32:41,678][log_print.py 86][INFO]: ------selectfile执行成功------
[2024-10-29 00:33:09,774][log_print.py 75][INFO]: ------开始执行checkdata-----
[2024-10-29 00:33:09,776][log_print.py 76][INFO]: ------此函数的注释为
tab2中确认按钮关联的功能，用于检查文件是否选择，QQ账号是否填写-----
[2024-10-29 00:33:09,839][log_print.py 86][INFO]: ------checkdata执行成功------
[2024-10-29 00:33:10,998][log_print.py 75][INFO]: ------开始执行loginUI-----
[2024-10-29 00:33:10,998][log_print.py 76][INFO]: ------此函数的注释为
tab3中确认已读按钮关联的功能，用于打开浏览器-----
[2024-10-29 00:34:01,072][log_print.py 81][ERROR]: ------loginUI执行失败：Message: session not created: This version of ChromeDriver only supports Chrome version 123
Current browser version is 130.0.6723.70 with binary path /Applications/Google Chrome.app/Contents/MacOS/Google Chrome
Stacktrace:
0   chromedriver                        0x00000001031bc41c chromedriver + 4326428
1   chromedriver                        0x00000001031b48e4 chromedriver + 4294884
2   chromedriver                        0x0000000102de0088 chromedriver + 278664
3   chromedriver                        0x0000000102e1458c chromedriver + 492940
4   chromedriver                        0x0000000102e13858 chromedriver + 489560
5   chromedriver                        0x0000000102e0edf0 chromedriver + 470512
6   chromedriver                        0x0000000102e0c074 chromedriver + 458868
7   chromedriver                        0x0000000102e4b128 chromedriver + 717096
8   chromedriver                        0x0000000102e174e4 chromedriver + 505060
9   chromedriver                        0x0000000102e17f5c chromedriver + 507740
10  chromedriver                        0x000000010317f9b8 chromedriver + 4078008
11  chromedriver                        0x0000000103184770 chromedriver + 4097904
12  chromedriver                        0x000000010316655c chromedriver + 3974492
13  chromedriver                        0x0000000103185088 chromedriver + 4100232
14  chromedriver                        0x0000000103157b4c chromedriver + 3914572
15  chromedriver                        0x00000001031a5690 chromedriver + 4232848
16  chromedriver                        0x00000001031a580c chromedriver + 4233228
17  chromedriver                        0x00000001031b4558 chromedriver + 4293976
18  libsystem_pthread.dylib             0x0000000197e872e4 _pthread_start + 136
19  libsystem_pthread.dylib             0x0000000197e820fc thread_start + 8
------
[2024-10-29 00:34:01,081][log_print.py 82][ERROR]: loginUI is error,here are details:Traceback (most recent call last):
  File "/Users/Github_Library/My_Case/QQSpace_Album_Download/log_print.py", line 78, in log
    func(*args,**kwargs)
  File "/Users/Github_Library/My_Case/QQSpace_Album_Download/UIdraft.py", line 150, in loginUI
    self.driver = webdriver.Chrome()
  File "/Library/Frameworks/Python.framework/Versions/3.10/lib/python3.10/site-packages/selenium/webdriver/chrome/webdriver.py", line 70, in __init__
    super(WebDriver, self).__init__(DesiredCapabilities.CHROME['browserName'], "goog",
  File "/Library/Frameworks/Python.framework/Versions/3.10/lib/python3.10/site-packages/selenium/webdriver/chromium/webdriver.py", line 93, in __init__
    RemoteWebDriver.__init__(
  File "/Library/Frameworks/Python.framework/Versions/3.10/lib/python3.10/site-packages/selenium/webdriver/remote/webdriver.py", line 269, in __init__
    self.start_session(capabilities, browser_profile)
  File "/Library/Frameworks/Python.framework/Versions/3.10/lib/python3.10/site-packages/selenium/webdriver/remote/webdriver.py", line 360, in start_session
    response = self.execute(Command.NEW_SESSION, parameters)
  File "/Library/Frameworks/Python.framework/Versions/3.10/lib/python3.10/site-packages/selenium/webdriver/remote/webdriver.py", line 425, in execute
    self.error_handler.check_response(response)
  File "/Library/Frameworks/Python.framework/Versions/3.10/lib/python3.10/site-packages/selenium/webdriver/remote/errorhandler.py", line 247, in check_response
    raise exception_class(message, screen, stacktrace)
selenium.common.exceptions.SessionNotCreatedException: Message: session not created: This version of ChromeDriver only supports Chrome version 123
Current browser version is 130.0.6723.70 with binary path /Applications/Google Chrome.app/Contents/MacOS/Google Chrome
Stacktrace:
0   chromedriver                        0x00000001031bc41c chromedriver + 4326428
1   chromedriver                        0x00000001031b48e4 chromedriver + 4294884
2   chromedriver                        0x0000000102de0088 chromedriver + 278664
3   chromedriver                        0x0000000102e1458c chromedriver + 492940
4   chromedriver                        0x0000000102e13858 chromedriver + 489560
5   chromedriver                        0x0000000102e0edf0 chromedriver + 470512
6   chromedriver                        0x0000000102e0c074 chromedriver + 458868
7   chromedriver                        0x0000000102e4b128 chromedriver + 717096
8   chromedriver                        0x0000000102e174e4 chromedriver + 505060
9   chromedriver                        0x0000000102e17f5c chromedriver + 507740
10  chromedriver                        0x000000010317f9b8 chromedriver + 4078008
11  chromedriver                        0x0000000103184770 chromedriver + 4097904
12  chromedriver                        0x000000010316655c chromedriver + 3974492
13  chromedriver                        0x0000000103185088 chromedriver + 4100232
14  chromedriver                        0x0000000103157b4c chromedriver + 3914572
15  chromedriver                        0x00000001031a5690 chromedriver + 4232848
16  chromedriver                        0x00000001031a580c chromedriver + 4233228
17  chromedriver                        0x00000001031b4558 chromedriver + 4293976
18  libsystem_pthread.dylib             0x0000000197e872e4 _pthread_start + 136
19  libsystem_pthread.dylib             0x0000000197e820fc thread_start + 8


[2024-10-29 00:49:54,018][log_print.py 75][INFO]: ------开始执行next2-----
[2024-10-29 00:49:54,019][log_print.py 76][INFO]: ------此函数的注释为
tab1中确认按钮关联的功能，用于跳转到tab2-----
[2024-10-29 00:49:54,021][log_print.py 86][INFO]: ------next2执行成功------
[2024-10-29 00:49:55,501][log_print.py 75][INFO]: ------开始执行selectfile-----
[2024-10-29 00:49:55,501][log_print.py 76][INFO]: ------此函数的注释为
tab2中浏览按钮关联的功能，用于打开文件选择的弹窗-----
[2024-10-29 00:50:00,083][log_print.py 86][INFO]: ------selectfile执行成功------
[2024-10-29 00:50:05,790][log_print.py 75][INFO]: ------开始执行checkdata-----
[2024-10-29 00:50:05,791][log_print.py 76][INFO]: ------此函数的注释为
tab2中确认按钮关联的功能，用于检查文件是否选择，QQ账号是否填写-----
[2024-10-29 00:50:05,838][log_print.py 86][INFO]: ------checkdata执行成功------
[2024-10-29 00:50:07,005][log_print.py 75][INFO]: ------开始执行loginUI-----
[2024-10-29 00:50:07,006][log_print.py 76][INFO]: ------此函数的注释为
tab3中确认已读按钮关联的功能，用于打开浏览器-----
[2024-10-29 00:50:15,614][log_print.py 75][INFO]: ------开始执行threadFunc1-----
[2024-10-29 00:50:15,614][log_print.py 86][INFO]: ------loginUI执行成功------
[2024-10-29 00:50:15,614][log_print.py 76][INFO]: ------此函数的注释为
打开QQ空间登录页面-----
[2024-10-29 00:50:15,614][log_print.py 75][INFO]: ------开始执行login-----
[2024-10-29 00:50:15,614][log_print.py 76][INFO]: ------此函数的注释为
None-----
[2024-10-29 00:50:33,751][log_print.py 86][INFO]: ------login执行成功------
[2024-10-29 00:50:33,765][log_print.py 86][INFO]: ------threadFunc1执行成功------
[2024-10-29 00:50:33,767][log_print.py 75][INFO]: ------开始执行change_enable-----
[2024-10-29 00:50:33,768][log_print.py 76][INFO]: ------此函数的注释为
自定义信号2的关联功能，用于改变控件的enable状态-----
[2024-10-29 00:50:33,769][log_print.py 86][INFO]: ------change_enable执行成功------
[2024-10-29 00:51:19,179][log_print.py 75][INFO]: ------开始执行start_download-----
[2024-10-29 00:51:19,181][log_print.py 76][INFO]: ------此函数的注释为
tab3中确认登录按钮关联功能，修改UI，实现照片下载流程-----
[2024-10-29 00:51:21,198][log_print.py 75][INFO]: ------开始执行mainUI-----
[2024-10-29 00:51:21,199][log_print.py 86][INFO]: ------start_download执行成功------
[2024-10-29 00:51:21,199][log_print.py 76][INFO]: ------此函数的注释为
实现照片下载流程-----
[2024-10-29 00:51:21,202][log_print.py 75][INFO]: ------开始执行get_page-----
[2024-10-29 00:51:21,202][log_print.py 76][INFO]: ------此函数的注释为
None-----
[2024-10-29 00:51:28,285][log_print.py 86][INFO]: ------get_page执行成功------
[2024-10-29 00:51:28,285][log_print.py 75][INFO]: ------开始执行get_cookie-----
[2024-10-29 00:51:28,285][log_print.py 76][INFO]: ------此函数的注释为
None-----
[2024-10-29 00:51:28,291][log_print.py 86][INFO]: ------get_cookie执行成功------
[2024-10-29 00:51:28,895][log_print.py 75][INFO]: ------开始执行get_g_tk-----
[2024-10-29 00:51:28,896][log_print.py 76][INFO]: ------此函数的注释为
None-----
[2024-10-29 00:51:28,905][log_print.py 86][INFO]: ------get_g_tk执行成功------
[2024-10-29 00:51:28,905][log_print.py 75][INFO]: ------开始执行get_album_list-----
[2024-10-29 00:51:28,905][log_print.py 76][INFO]: ------此函数的注释为
None-----
[2024-10-29 00:51:29,034][log_print.py 86][INFO]: ------get_album_list执行成功------
[2024-10-29 00:51:29,035][log_print.py 75][INFO]: ------开始执行get_url-----
[2024-10-29 00:51:29,035][log_print.py 76][INFO]: ------此函数的注释为
None-----
[2024-10-29 00:51:29,035][log_print.py 86][INFO]: ------get_url执行成功------
